<?xml version="1.0" encoding="UTF-8"?>
<!-- Generated by org.testng.reporters.JUnitReportReporter -->
<testsuite hostname="fosasoft" failures="0" tests="3" name="com.bstack.base.LoginTest" time="33.876" errors="0" timestamp="2025-10-25T20:06:10 IST" skipped="0">
  <testcase classname="com.bstack.base.LoginTest" name="TC_001_validLogin" time="21.365"/>
  <testcase classname="com.bstack.base.LoginTest" name="TC_002_invalidLogin" time="5.793"/>
  <testcase classname="com.bstack.base.LoginTest" name="TC_003_emptyLogin" time="6.718"/>
</testsuite> <!-- com.bstack.base.LoginTest -->
