<?xml version="1.0" encoding="UTF-8"?>
<!-- Generated by org.testng.reporters.JUnitReportReporter -->
<testsuite hostname="fosasoft" failures="0" tests="2" name="com.bstack.base.CheckoutTest" time="31.864" errors="0" timestamp="2025-10-25T16:56:48 IST" skipped="0">
  <testcase classname="com.bstack.base.CheckoutTest" name="TC_007_placeOrder" time="15.942"/>
  <testcase classname="com.bstack.base.CheckoutTest" name="TC_008_emptyCartCheckout" time="15.922"/>
</testsuite> <!-- com.bstack.base.CheckoutTest -->
