<?xml version="1.0" encoding="UTF-8"?>
<!-- Generated by org.testng.reporters.JUnitReportReporter -->
<testsuite hostname="fosasoft" failures="0" tests="4" name="com.bstack.base.AddToCartTest" time="5.544" errors="0" timestamp="2025-10-23T23:42:29 IST" skipped="0">
  <testcase classname="com.bstack.base.AddToCartTest" name="login" time="4.242"/>
  <testcase classname="com.bstack.base.AddToCartTest" name="productsearch" time="0.097"/>
  <testcase classname="com.bstack.base.AddToCartTest" name="addtocart" time="0.129"/>
  <testcase classname="com.bstack.base.AddToCartTest" name="checkout" time="1.076"/>
</testsuite> <!-- com.bstack.base.AddToCartTest -->
