<?xml version="1.0" encoding="UTF-8"?>
<!-- Generated by org.testng.reporters.JUnitReportReporter -->
<testsuite hostname="fosasoft" failures="0" tests="3" name="com.bstack.base.LoginTest" time="27.552" errors="0" timestamp="2025-10-26T12:03:18 IST" skipped="0">
  <testcase classname="com.bstack.base.LoginTest" name="TC_001_validLogin" time="10.891"/>
  <testcase classname="com.bstack.base.LoginTest" name="TC_002_invalidLogin" time="9.853"/>
  <testcase classname="com.bstack.base.LoginTest" name="TC_003_emptyLogin" time="6.808"/>
</testsuite> <!-- com.bstack.base.LoginTest -->
