<?xml version="1.0" encoding="UTF-8"?>
<!-- Generated by org.testng.reporters.JUnitReportReporter -->
<testsuite hostname="fosasoft" failures="0" tests="3" name="com.bstack.base.LoginTest" time="35.633" errors="0" timestamp="2025-10-24T13:14:14 IST" skipped="0">
  <testcase classname="com.bstack.base.LoginTest" name="empty" time="6.698"/>
  <testcase classname="com.bstack.base.LoginTest" name="invalid" time="8.962"/>
  <testcase classname="com.bstack.base.LoginTest" name="valid" time="19.973"/>
</testsuite> <!-- com.bstack.base.LoginTest -->
