<?xml version="1.0" encoding="UTF-8"?>
<!-- Generated by org.testng.reporters.JUnitReportReporter -->
<testsuite hostname="fosasoft" failures="0" tests="5" name="com.bstack.base.AddToCartTest" time="16.110" errors="0" timestamp="2025-10-25T20:04:41 IST" skipped="0">
  <testcase classname="com.bstack.base.AddToCartTest" name="TC_004_addSingleItem" time="10.902"/>
  <testcase classname="com.bstack.base.AddToCartTest" name="TC_005_addMultipleItems" time="1.179"/>
  <testcase classname="com.bstack.base.AddToCartTest" name="TC_006_removeItem" time="1.247"/>
  <testcase classname="com.bstack.base.AddToCartTest" name="TC_007_placeOrder" time="1.272"/>
  <testcase classname="com.bstack.base.AddToCartTest" name="TC_008_emptyCartCheckout" time="1.510"/>
</testsuite> <!-- com.bstack.base.AddToCartTest -->
